
Date: 2016-08-26 23:41:20.322
Error: listen EADDRINUSE :::8899
    at Object.exports._errnoException (util.js:1007:11)
    at exports._exceptionWithHostPort (util.js:1030:20)
    at Server._listen2 (net.js:1253:14)
    at listen (net.js:1289:10)
    at Server.listen (net.js:1385:5)
    at EventEmitter.app.listen (/usr/local/lib/node_modules/whistle/node_modules/express/lib/application.js:595:24)
    at proxy (/usr/local/lib/node_modules/whistle/lib/index.js:206:19)
    at init (/usr/local/lib/node_modules/whistle/index.js:3:25)
    at Command.<anonymous> (/usr/local/lib/node_modules/whistle/node_modules/starting/lib/bootstrap.js:10:4)
    at Command.listener (/usr/local/lib/node_modules/whistle/node_modules/starting/node_modules/commander/index.js:289:8)

Date: 2016-08-26 23:41:35.615
Error: listen EADDRINUSE :::8899
    at Object.exports._errnoException (util.js:1007:11)
    at exports._exceptionWithHostPort (util.js:1030:20)
    at Server._listen2 (net.js:1253:14)
    at listen (net.js:1289:10)
    at Server.listen (net.js:1385:5)
    at EventEmitter.app.listen (/usr/local/lib/node_modules/whistle/node_modules/express/lib/application.js:595:24)
    at proxy (/usr/local/lib/node_modules/whistle/lib/index.js:206:19)
    at init (/usr/local/lib/node_modules/whistle/index.js:3:25)
    at Command.<anonymous> (/usr/local/lib/node_modules/whistle/node_modules/starting/lib/bootstrap.js:10:4)
    at Command.listener (/usr/local/lib/node_modules/whistle/node_modules/starting/node_modules/commander/index.js:289:8)
